Fri Jun 23 11:01:41 2017(537)-> ProtectionMerge: postponing merge until first XPC message for CPU boost
Fri Jun 23 16:07:20 2017(317)-> ProtectionMerge: postponing merge until first XPC message for CPU boost
Fri Jun 23 16:24:36 2017(273)-> ProtectionMerge: postponing merge until first XPC message for CPU boost
Fri Aug 11 17:42:43 2017(413)-> ProtectionMerge: postponing merge until first XPC message for CPU boost
Mon Aug 14 12:14:02 2017(355)-> ProtectionMerge: postponing merge until first XPC message for CPU boost
Wed Aug 16 10:18:22 2017(370)-> ProtectionMerge: postponing merge until first XPC message for CPU boost
Wed Aug 16 10:51:27 2017(280)-> ProtectionMerge: postponing merge until first XPC message for CPU boost
Wed Aug 16 15:39:18 2017(276)-> ProtectionMerge: postponing merge until first XPC message for CPU boost
Wed Aug 16 17:03:06 2017(275)-> ProtectionMerge: postponing merge until first XPC message for CPU boost
Wed Aug 16 19:31:45 2017(338)-> ProtectionMerge: postponing merge until first XPC message for CPU boost
Thu Aug 17 09:08:22 2017(302)-> ProtectionMerge: postponing merge until first XPC message for CPU boost
Mon Aug 21 15:06:55 2017(350)-> ProtectionMerge: postponing merge until first XPC message for CPU boost
Tue Aug 22 12:18:57 2017(288)-> ProtectionMerge: postponing merge until first XPC message for CPU boost
Tue Aug 22 13:11:37 2017(304)-> ProtectionMerge: postponing merge until first XPC message for CPU boost
Tue Aug 22 15:05:04 2017(302)-> ProtectionMerge: postponing merge until first XPC message for CPU boost
Wed Aug 23 13:10:55 2017(307)-> ProtectionMerge: postponing merge until first XPC message for CPU boost
Fri Aug 25 15:11:06 2017(372)-> ProtectionMerge: postponing merge until first XPC message for CPU boost
Mon Aug 28 15:09:10 2017(333)-> ProtectionMerge: postponing merge until first XPC message for CPU boost
Mon Aug 28 15:28:20 2017(339)-> ProtectionMerge: postponing merge until first XPC message for CPU boost
Tue Aug 29 15:12:38 2017(425)-> ProtectionMerge: postponing merge until first XPC message for CPU boost
Wed Aug 30 15:12:20 2017(382)-> ProtectionMerge: postponing merge until first XPC message for CPU boost
Mon Sep  4 15:11:34 2017(393)-> ProtectionMerge: postponing merge until first XPC message for CPU boost
Wed Sep  6 11:11:10 2017(439)-> ProtectionMerge: postponing merge until first XPC message for CPU boost
Thu Sep  7 15:18:31 2017(387)-> ProtectionMerge: postponing merge until first XPC message for CPU boost
Mon Sep 11 15:15:01 2017(380)-> ProtectionMerge: postponing merge until first XPC message for CPU boost
